<?xml version="1.0" encoding="UTF-8"?>
<testsuite name="Web.TestRunner.XYZBankTestRunner" tests="3" skipped="0" failures="0" errors="0" timestamp="2023-03-09T02:20:13" hostname="ASIF" time="30.065">
  <properties/>
  <testcase name="runScenario[0](&quot;Manager adds a customer&quot;, &quot;Optional[Bank Manager Login (addCustomer)]&quot;)" classname="Web.TestRunner.XYZBankTestRunner" time="17.246"/>
  <testcase name="runScenario[1](&quot;Manager opens an account by linking newly created customer&quot;, &quot;Optional[Bank Manager Login (openAccount)]&quot;)" classname="Web.TestRunner.XYZBankTestRunner" time="6.954"/>
  <testcase name="runScenario[2](&quot;Manager deletes the new customer&quot;, &quot;Optional[Bank Manager Login (deleteCustomer)]&quot;)" classname="Web.TestRunner.XYZBankTestRunner" time="5.862"/>
  <system-out><![CDATA[
@addCustomer
Scenario Outline: Manager adds a customer                         # src/test/resources/Feature/Web/bml1AddCustomer.feature:14
  Given Manager lands on the XYZ bank home page                   # Web.StepDefinition.BML1AddCustomerStepDef.managerLandsOnTheXYZBankHomePage()
  When manager clicks on bank manager login option                # Web.StepDefinition.BML1AddCustomerStepDef.managerClicksOnBankManagerLoginOption()
  And clicks on add customer tab                                  # Web.StepDefinition.BML1AddCustomerStepDef.clicksOnAddCustomerTab()
data verification=> first name: john, last Name: test, post code: 1111
  And sends customer 'john' and 'test' and '1111'                 # Web.StepDefinition.BML1AddCustomerStepDef.sendsCustomerFirstNameAndLastNameAndPostCode(java.lang.String,java.lang.String,java.lang.String)
  And clicks on add customer button                               # Web.StepDefinition.BML1AddCustomerStepDef.clicksOnAddCustomerButton()
Customer added successfully with customer id :6
  Then manager closes confirmation alert for newly added customer # Web.StepDefinition.BML1AddCustomerStepDef.managerClosesConfirmationAlertForNewlyAddedCustomer()

@openAccount
Scenario: Manager opens an account by linking newly created customer # src/test/resources/Feature/Web/bml2OpenAccount.feature:4
  Given Manager clicks on open account tab                           # Web.StepDefinition.BML2AddAccountStepDef.managerClicksOnOpenAccountTab()
7
final xpath: [[ChromeDriver: chrome on WINDOWS (7c27fe83e62f1d87ce01d0aca8e77569)] -> xpath: ((//div[@class="ng-scope"]//descendant::select)[1]//option)[7]]
  When manager selects customer name                                 # Web.StepDefinition.BML2AddAccountStepDef.managerSelectsCustomerName()
  And selects currency type                                          # Web.StepDefinition.BML2AddAccountStepDef.selectsCurrencyType()
  And clicks on process button                                       # Web.StepDefinition.BML2AddAccountStepDef.clicksOnProcessButton()
Account created successfully with account Number :1016
  Then manager closes confirmation alert for account creation        # Web.StepDefinition.BML2AddAccountStepDef.managerClosesConfirmationAlertForAccountCreation()

@deleteCustomer
Scenario: Manager deletes the new customer           # src/test/resources/Feature/Web/bml3DeleteCustomer.feature:4
  Given manager clicks on the customers tab          # Web.StepDefinition.BML3DeleteCustomerStepDefinition.managerClicksOnTheCustomersTab()
  When manager searches for the newly added customer # Web.StepDefinition.BML3DeleteCustomerStepDefinition.managerSearchesForTheNewlyAddedCustomer()
  Then manager deletes the customer                  # Web.StepDefinition.BML3DeleteCustomerStepDefinition.managerDeletesTheCustomer()
]]></system-out>
  <system-err><![CDATA[SLF4J: No SLF4J providers were found.
SLF4J: Defaulting to no-operation (NOP) logger implementation
SLF4J: See https://www.slf4j.org/codes.html#noProviders for further details.
Starting ChromeDriver 110.0.5481.77 (65ed616c6e8ee3fe0ad64fe83796c020644d42af-refs/branch-heads/5481@{#839}) on port 26171
Only local connections are allowed.
Please see https://chromedriver.chromium.org/security-considerations for suggestions on keeping ChromeDriver safe.
ChromeDriver was started successfully.
[1678328419.910][WARNING]: virtual void DevToolsClientImpl::AddListener(DevToolsEventListener *) subscribing a listener to the already connected DevToolsClient. Connection notification will not arrive.
Mar 09, 2023 8:20:20 AM org.openqa.selenium.devtools.CdpVersionFinder findNearestMatch
WARNING: Unable to find an exact match for CDP version 110, so returning the closest version found: 106
]]></system-err>
</testsuite>
