<?xml version="1.0" encoding="UTF-8"?>
<!-- Generated by org.testng.reporters.JUnitReportReporter -->
<testsuite skipped="0" hostname="AsiF" name="Web.TestRunner.XYZBankTestRunner" tests="3" failures="0" timestamp="2023-03-24T21:19:11 BDT" time="27.823" errors="0">
  <testcase name="runScenario" time="13.451" classname="Web.TestRunner.XYZBankTestRunner"/>
  <system-out/>
  <testcase name="runScenario" time="7.542" classname="Web.TestRunner.XYZBankTestRunner"/>
  <system-out/>
  <testcase name="runScenario" time="6.830" classname="Web.TestRunner.XYZBankTestRunner"/>
  <system-out/>
</testsuite> <!-- Web.TestRunner.XYZBankTestRunner -->
