<?xml version="1.0" encoding="UTF-8"?>
<!-- Generated by org.testng.reporters.JUnitReportReporter -->
<testsuite skipped="0" hostname="AsiF" name="App.TestRunner.ExperiBankTestRunner" tests="2" failures="0" timestamp="2023-03-09T21:30:38 BDT" time="42.517" errors="0">
  <testcase name="runScenario" time="22.156" classname="App.TestRunner.ExperiBankTestRunner"/>
  <system-out/>
  <testcase name="runScenario" time="20.361" classname="App.TestRunner.ExperiBankTestRunner"/>
  <system-out/>
</testsuite> <!-- App.TestRunner.ExperiBankTestRunner -->
