<?xml version="1.0" encoding="UTF-8"?>
<!-- Generated by org.testng.reporters.JUnitReportReporter -->
<testsuite skipped="0" hostname="AsiF" name="App.TestRunner.ExperiBankTestRunner" tests="4" failures="0" timestamp="2023-03-24T21:19:11 BDT" time="100.378" errors="0">
  <testcase name="runScenario" time="40.914" classname="App.TestRunner.ExperiBankTestRunner"/>
  <system-out/>
  <testcase name="runScenario" time="8.708" classname="App.TestRunner.ExperiBankTestRunner"/>
  <system-out/>
  <testcase name="runScenario" time="30.676" classname="App.TestRunner.ExperiBankTestRunner"/>
  <system-out/>
  <testcase name="runScenario" time="20.080" classname="App.TestRunner.ExperiBankTestRunner"/>
  <system-out/>
</testsuite> <!-- App.TestRunner.ExperiBankTestRunner -->
