<?xml version="1.0" encoding="UTF-8"?>
<!-- Generated by org.testng.reporters.JUnitReportReporter -->
<testsuite skipped="0" hostname="AsiF" name="Web.TestRunner.XYZBankTestRunner" tests="3" failures="0" timestamp="2023-03-09T21:30:38 BDT" time="29.864" errors="0">
  <testcase name="runScenario" time="7.652" classname="Web.TestRunner.XYZBankTestRunner"/>
  <system-out/>
  <testcase name="runScenario" time="6.865" classname="Web.TestRunner.XYZBankTestRunner"/>
  <system-out/>
  <testcase name="runScenario" time="15.347" classname="Web.TestRunner.XYZBankTestRunner"/>
  <system-out/>
</testsuite> <!-- Web.TestRunner.XYZBankTestRunner -->
