<?xml version="1.0" encoding="UTF-8"?>
<!-- Generated by org.testng.reporters.JUnitReportReporter -->
<testsuite skipped="0" hostname="AsiF" name="Api.TestRunner.GetApiTestRunner" tests="1" failures="0" timestamp="2023-03-09T21:30:38 BDT" time="1.976" errors="0">
  <testcase name="runScenario" time="1.976" classname="Api.TestRunner.GetApiTestRunner"/>
  <system-out/>
</testsuite> <!-- Api.TestRunner.GetApiTestRunner -->
