<?xml version="1.0" encoding="UTF-8"?>
<!-- Generated by org.testng.reporters.JUnitReportReporter -->
<testsuite skipped="0" hostname="AsiF" name="Web.TestRunner.XYZBankTestRunner" tests="3" failures="0" timestamp="2023-03-09T08:21:26 BDT" time="30.062" errors="0">
  <testcase name="runScenario" time="17.246" classname="Web.TestRunner.XYZBankTestRunner"/>
  <system-out/>
  <testcase name="runScenario" time="6.954" classname="Web.TestRunner.XYZBankTestRunner"/>
  <system-out/>
  <testcase name="runScenario" time="5.862" classname="Web.TestRunner.XYZBankTestRunner"/>
  <system-out/>
</testsuite> <!-- Web.TestRunner.XYZBankTestRunner -->
