<?xml version="1.0" encoding="UTF-8"?>
<!-- Generated by org.testng.reporters.JUnitReportReporter -->
<testsuite skipped="0" hostname="AsiF" name="App.TestRunner.ExperiBankTestRunner" tests="2" failures="0" timestamp="2023-03-09T08:21:26 BDT" time="43.297" errors="0">
  <testcase name="runScenario" time="22.851" classname="App.TestRunner.ExperiBankTestRunner"/>
  <system-out/>
  <testcase name="runScenario" time="20.446" classname="App.TestRunner.ExperiBankTestRunner"/>
  <system-out/>
</testsuite> <!-- App.TestRunner.ExperiBankTestRunner -->
